<domain type='kvm' id='1'>
    <name>instance-00000001</name>
    <uuid>61e9c361-1703-41ea-9b8c-c8c837e5d093</uuid>
    <metadata>
        <nova:instance xmlns:nova="http://openstack.org/xmlns/libvirt/nova/1.1">
            <nova:package version="26.1.1"/>
            <nova:name>test-01</nova:name>
            <nova:creationTime>2023-04-04 13:28:38</nova:creationTime>
            <nova:flavor name="m1.tiny">
                <nova:memory>512</nova:memory>
                <nova:disk>1</nova:disk>
                <nova:swap>0</nova:swap>
                <nova:ephemeral>0</nova:ephemeral>
                <nova:vcpus>1</nova:vcpus>
            </nova:flavor>
            <nova:owner>
                <nova:user uuid="159e3819e49e4b2b94d252d5e7040e8a">admin</nova:user>
                <nova:project uuid="82f31d10161f4912a91e3d269b4fb801">admin</nova:project>
            </nova:owner>
            <nova:root type="image" uuid="f9d281a7-84c7-47d1-b9ea-8072ff70b065"/>
            <nova:ports>
                <nova:port uuid="5375a180-1e1c-4360-b6f3-89dfeaf61781">
                    <nova:ip type="fixed" address="10.0.0.226" ipVersion="4"/>
                </nova:port>
            </nova:ports>
        </nova:instance>
    </metadata>
    <memory unit='KiB'>524288</memory>
    <currentMemory unit='KiB'>524288</currentMemory>
    <vcpu placement='static'>1</vcpu>
    <resource>
        <partition>/machine</partition>
    </resource>
    <sysinfo type='smbios'>
        <system>
            <entry name='manufacturer'>OpenStack Foundation</entry>
            <entry name='product'>OpenStack Nova</entry>
            <entry name='version'>26.1.1</entry>
            <entry name='serial'>61e9c361-1703-41ea-9b8c-c8c837e5d093</entry>
            <entry name='uuid'>61e9c361-1703-41ea-9b8c-c8c837e5d093</entry>
            <entry name='family'>Virtual Machine</entry>
        </system>
    </sysinfo>
    <os>
        <type arch='x86_64' machine='pc-i440fx-6.2'>hvm</type>
        <boot dev='hd'/>
        <smbios mode='sysinfo'/>
    </os>
    <features>
        <acpi/>
        <apic/>
        <vmcoreinfo state='on'/>
    </features>
    <cpu mode='custom' match='exact' check='full'>
        <model fallback='forbid'>Skylake-Server-IBRS</model>
        <vendor>Intel</vendor>
        <topology sockets='1' dies='1' cores='1' threads='1'/>
        <feature policy='require' name='ss'/>
        <feature policy='require' name='vmx'/>
        <feature policy='require' name='hypervisor'/>
        <feature policy='require' name='tsc_adjust'/>
        <feature policy='require' name='clflushopt'/>
        <feature policy='require' name='umip'/>
        <feature policy='require' name='pku'/>
        <feature policy='require' name='md-clear'/>
        <feature policy='require' name='stibp'/>
        <feature policy='require' name='arch-capabilities'/>
        <feature policy='require' name='ssbd'/>
        <feature policy='require' name='xsaves'/>
        <feature policy='require' name='ibpb'/>
        <feature policy='require' name='ibrs'/>
        <feature policy='require' name='amd-stibp'/>
        <feature policy='require' name='amd-ssbd'/>
        <feature policy='require' name='rsba'/>
        <feature policy='require' name='skip-l1dfl-vmentry'/>
        <feature policy='require' name='pschange-mc-no'/>
        <feature policy='disable' name='hle'/>
        <feature policy='disable' name='erms'/>
        <feature policy='disable' name='rtm'/>
        <feature policy='disable' name='mpx'/>
        <feature policy='disable' name='xgetbv1'/>
    </cpu>
    <clock offset='utc'>
        <timer name='pit' tickpolicy='delay'/>
        <timer name='rtc' tickpolicy='catchup'/>
        <timer name='hpet' present='no'/>
    </clock>
    <on_poweroff>destroy</on_poweroff>
    <on_reboot>restart</on_reboot>
    <on_crash>destroy</on_crash>
    <devices>
        <emulator>/usr/bin/qemu-system-x86_64</emulator>
        <disk type='file' device='disk'>
            <driver name='qemu' type='qcow2' cache='none'/>
            <source file='/var/lib/nova/instances/61e9c361-1703-41ea-9b8c-c8c837e5d093/disk' index='1'/>
            <backingStore type='file' index='2'>
                <format type='raw'/>
                <source file='/var/lib/nova/instances/_base/fc2ceb2f70a2535698bd655987fe8c2a31e691a2'/>
                <backingStore/>
            </backingStore>
            <target dev='vda' bus='virtio'/>
            <alias name='virtio-disk0'/>
            <address type='pci' domain='0x0000' bus='0x00' slot='0x04' function='0x0'/>
        </disk>
        <controller type='usb' index='0' model='piix3-uhci'>
            <alias name='usb'/>
            <address type='pci' domain='0x0000' bus='0x00' slot='0x01' function='0x2'/>
        </controller>
        <controller type='pci' index='0' model='pci-root'>
            <alias name='pci.0'/>
        </controller>
        <interface type='bridge'>
            <mac address='fa:16:3e:d2:d6:3c'/>
            <source bridge='qbr5375a180-1e'/>
            <target dev='tap5375a180-1e'/>
            <model type='virtio'/>
            <mtu size='1450'/>
            <alias name='net0'/>
            <address type='pci' domain='0x0000' bus='0x00' slot='0x03' function='0x0'/>
        </interface>
        <serial type='pty'>
            <source path='/dev/pts/1'/>
            <log file='/var/lib/nova/instances/61e9c361-1703-41ea-9b8c-c8c837e5d093/console.log' append='off'/>
            <target type='isa-serial' port='0'>
                <model name='isa-serial'/>
            </target>
            <alias name='serial0'/>
        </serial>
        <console type='pty' tty='/dev/pts/1'>
            <source path='/dev/pts/1'/>
            <log file='/var/lib/nova/instances/61e9c361-1703-41ea-9b8c-c8c837e5d093/console.log' append='off'/>
            <target type='serial' port='0'/>
            <alias name='serial0'/>
        </console>
        <input type='tablet' bus='usb'>
            <alias name='input0'/>
            <address type='usb' bus='0' port='1'/>
        </input>
        <input type='mouse' bus='ps2'>
            <alias name='input1'/>
        </input>
        <input type='keyboard' bus='ps2'>
            <alias name='input2'/>
        </input>
        <graphics type='vnc' port='5900' autoport='yes' listen='10.38.4.172'>
            <listen type='address' address='10.38.4.172'/>
        </graphics>
        <audio id='1' type='none'/>
        <video>
            <model type='virtio' heads='1' primary='yes'/>
            <alias name='video0'/>
            <address type='pci' domain='0x0000' bus='0x00' slot='0x02' function='0x0'/>
        </video>
        <memballoon model='virtio'>
            <stats period='10'/>
            <alias name='balloon0'/>
            <address type='pci' domain='0x0000' bus='0x00' slot='0x05' function='0x0'/>
        </memballoon>
        <rng model='virtio'>
            <backend model='random'>/dev/urandom</backend>
            <alias name='rng0'/>
            <address type='pci' domain='0x0000' bus='0x00' slot='0x06' function='0x0'/>
        </rng>
    </devices>
    <seclabel type='dynamic' model='dac' relabel='yes'>
        <label>+42436:+42436</label>
        <imagelabel>+42436:+42436</imagelabel>
    </seclabel>
</domain>